[25/Jun/2024:14:50:16 +0000] "GET /content/wknd/us/en.html HTTP/1.1" - miss [publishfarm/0] 2667ms "wknd.docker.local"
[25/Jun/2024:14:50:19 +0000] "GET /etc/cloudsettings.kernel.js/conf/wknd/settings/cloudsettings/default/contexthub HTTP/1.1" 200 none [publishfarm/0] 138ms "wknd.docker.local"
[25/Jun/2024:14:50:19 +0000] "GET /etc.clientlibs/wknd/clientlibs/clientlib-dependencies.lc-d41d8cd98f00b204e9800998ecf8427e-lc.min.css HTTP/1.1" - miss [publishfarm/0] 106ms "wknd.docker.local"
[25/Jun/2024:14:50:19 +0000] "GET /etc.clientlibs/wknd/clientlibs/clientlib-base.lc-33275da16c2855293b7532167401825b-lc.min.css HTTP/1.1" - miss [publishfarm/0] 108ms "wknd.docker.local"
[25/Jun/2024:14:50:19 +0000] "GET /etc.clientlibs/wknd/clientlibs/clientlib-site/resources/fonts/wknd-icon-font.ttf HTTP/1.1" - miss [publishfarm/0] 109ms "wknd.docker.local"
[25/Jun/2024:14:50:19 +0000] "GET /etc.clientlibs/wknd/clientlibs/clientlib-site.lc-b55dc94180111bf84d7a026fc1b1d1a4-lc.min.css HTTP/1.1" - miss [publishfarm/0] 138ms "wknd.docker.local"
[25/Jun/2024:14:50:19 +0000] "GET /content/wknd/us/en/magazine/guide-la-skateparks/_jcr_content/root/container/container/contentfragment/par2/image_copy.coreimg.60.1600.png/1660323783259/article-01-picture-01.png HTTP/1.1" - miss [publishfarm/0] 245ms "wknd.docker.local"
[25/Jun/2024:14:50:20 +0000] "GET /home/users/2/2BtO2l7OmO-rbBC9AN9b.infinity.json HTTP/1.1" - miss [publishfarm/0] 101ms "wknd.docker.local"
[25/Jun/2024:14:50:20 +0000] "GET /content/wknd/us/en/_jcr_content/contexthub.pagedata.json HTTP/1.1" - miss [publishfarm/0] 117ms "wknd.docker.local"
[25/Jun/2024:14:50:20 +0000] "GET /conf/wknd/settings/wcm/segments.seg.js HTTP/1.1" - miss [publishfarm/0] 155ms "wknd.docker.local"
[25/Jun/2024:14:50:20 +0000] "GET /etc.clientlibs/wknd/clientlibs/clientlib-dependencies.lc-56934e461ff6c436f962a5990541a527-lc.min.js HTTP/1.1" - miss [publishfarm/0] 173ms "wknd.docker.local"
[25/Jun/2024:14:50:20 +0000] "GET /etc.clientlibs/core/wcm/components/commons/datalayer/acdl/core.wcm.components.commons.datalayer.acdl.lc-bf921af342fd2c40139671dbf0920a1f-lc.min.js HTTP/1.1" - miss [publishfarm/0] 206ms "wknd.docker.local"
[25/Jun/2024:14:50:20 +0000] "GET /etc.clientlibs/core/wcm/components/commons/datalayer/v2/clientlibs/core.wcm.components.commons.datalayer.v2.lc-1e0136bad0acfb78be509234578e44f9-lc.min.js HTTP/1.1" - miss [publishfarm/0] 239ms "wknd.docker.local"
[25/Jun/2024:14:50:20 +0000] "GET /etc.clientlibs/wknd/clientlibs/clientlib-site.lc-3037f5026ad3524914701791035ca88c-lc.min.js HTTP/1.1" - miss [publishfarm/0] 264ms "wknd.docker.local"
[25/Jun/2024:14:50:20 +0000] "GET /libs/granite/csrf/token.json HTTP/1.1" 200 none [publishfarm/0] 119ms "wknd.docker.local"
[25/Jun/2024:14:50:20 +0000] "GET /etc.clientlibs/core/wcm/components/commons/site/clientlibs/container.lc-0a6aff292f5cc42142779cde92054524-lc.min.js HTTP/1.1" - miss [publishfarm/0] 274ms "wknd.docker.local"
[25/Jun/2024:14:50:20 +0000] "GET /etc.clientlibs/wknd/clientlibs/clientlib-base.lc-dd83600e278e892b3fa755110622e9fc-lc.min.js HTTP/1.1" - miss [publishfarm/0] 181ms "wknd.docker.local"
[25/Jun/2024:14:50:20 +0000] "GET /content/wknd/us/en/magazine/guide-la-skateparks/_jcr_content/root/container/container/contentfragment/par2/image_copy.coreimg.60.1600.png/1660323783259/article-01-picture-01.png HTTP/1.1" - hit [publishfarm/-] 153ms "wknd.docker.local"
[25/Jun/2024:14:50:20 +0000] "GET /etc.clientlibs/wknd/clientlibs/clientlib-site/resources/manifest.json HTTP/1.1" - miss [publishfarm/0] 284ms "wknd.docker.local"
[25/Jun/2024:14:50:20 +0000] "GET /content/wknd/us/en/_jcr_content/root/container/container/teaser.coreimg.60.1600.jpeg/1660323792132/adobestock-156407519.jpeg HTTP/1.1" - miss [publishfarm/0] 182ms "wknd.docker.local"
[25/Jun/2024:14:50:20 +0000] "GET /content/experience-fragments/wknd/language-masters/en/site/header/master/_jcr_content/root/container/container_1195249223/image.coreimg.svg/1594412560447/wknd-logo-dk.svg HTTP/1.1" - miss [publishfarm/0] 413ms "wknd.docker.local"
[25/Jun/2024:14:50:20 +0000] "GET /content/wknd/us/en/_jcr_content/root/container/carousel/item_1571954853062.coreimg.60.1600.jpeg/1660323801921/adobestock-216674449.jpeg HTTP/1.1" - miss [publishfarm/0] 316ms "wknd.docker.local"
[25/Jun/2024:14:50:20 +0000] "GET /content/wknd/us/en/magazine/ski-touring/_jcr_content/root/container/container/contentfragment/par1/image.coreimg.60.1600.jpeg/1660323789866/skitouring5sjoeberg.jpeg HTTP/1.1" - miss [publishfarm/0] 198ms "wknd.docker.local"
[25/Jun/2024:14:50:20 +0000] "GET /libs/granite/security/currentuser.json?nocache=1719327020500 HTTP/1.1" 200 none [publishfarm/0] 204ms "wknd.docker.local"
[25/Jun/2024:14:50:20 +0000] "GET /etc.clientlibs/wknd/clientlibs/clientlib-site/resources/images/country-flags/US.svg HTTP/1.1" - miss [publishfarm/0] 81ms "wknd.docker.local"
[25/Jun/2024:14:50:20 +0000] "GET /content/wknd/us/en/magazine/arctic-surfing/_jcr_content/root/container/container/contentfragment/par1/image.coreimg.60.1600.jpeg/1660323789770/surfer-wave-02.jpeg HTTP/1.1" - miss [publishfarm/0] 107ms "wknd.docker.local"
[25/Jun/2024:14:50:20 +0000] "GET /content/wknd/us/en/magazine/san-diego-surf/_jcr_content/root/container/container/contentfragment/par1/image.coreimg.60.1600.jpeg/1660323790169/adobestock-164735399.jpeg HTTP/1.1" - miss [publishfarm/0] 125ms "wknd.docker.local"
[25/Jun/2024:14:50:20 +0000] "GET /etc.clientlibs/wknd/clientlibs/clientlib-site/resources/images/favicons/favicon-152.png HTTP/1.1" - miss [publishfarm/0] 27ms "wknd.docker.local"
[25/Jun/2024:14:50:56 +0000] "GET /content/wknd/us/en/magazine.html HTTP/1.1" - miss [publishfarm/0] 3071ms "wknd.docker.local"
[25/Jun/2024:14:50:59 +0000] "GET /home/users/2/2BtO2l7OmO-rbBC9AN9b.infinity.json HTTP/1.1" - hit [publishfarm/-] 6ms "wknd.docker.local"
[25/Jun/2024:14:50:59 +0000] "GET /content/wknd/us/en/magazine/_jcr_content/contexthub.pagedata.json HTTP/1.1" - miss [publishfarm/0] 50ms "wknd.docker.local"
[25/Jun/2024:14:50:59 +0000] "GET /libs/granite/csrf/token.json HTTP/1.1" 200 none [publishfarm/0] 40ms "wknd.docker.local"
[25/Jun/2024:14:50:59 +0000] "GET /libs/granite/security/currentuser.json?nocache=1719327059539 HTTP/1.1" 200 none [publishfarm/0] 30ms "wknd.docker.local"
[25/Jun/2024:14:51:46 +0000] "GET /content/wknd/us/en/magazine.html HTTP/1.1" - hit [publishfarm/-] 13ms "wknd.docker.local"
[25/Jun/2024:14:51:46 +0000] "GET /etc.clientlibs/wknd/clientlibs/clientlib-dependencies.lc-d41d8cd98f00b204e9800998ecf8427e-lc.min.css HTTP/1.1" - hit [publishfarm/-] 52ms "wknd.docker.local"
[25/Jun/2024:14:51:46 +0000] "GET /etc.clientlibs/wknd/clientlibs/clientlib-site/resources/fonts/wknd-icon-font.ttf HTTP/1.1" - hit [publishfarm/-] 50ms "wknd.docker.local"
[25/Jun/2024:14:51:46 +0000] "GET /etc.clientlibs/wknd/clientlibs/clientlib-site.lc-b55dc94180111bf84d7a026fc1b1d1a4-lc.min.css HTTP/1.1" - hit [publishfarm/-] 60ms "wknd.docker.local"
[25/Jun/2024:14:51:46 +0000] "GET /etc.clientlibs/wknd/clientlibs/clientlib-base.lc-33275da16c2855293b7532167401825b-lc.min.css HTTP/1.1" - hit [publishfarm/-] 46ms "wknd.docker.local"
[25/Jun/2024:14:51:46 +0000] "GET /etc/cloudsettings.kernel.js/conf/wknd/settings/cloudsettings/default/contexthub HTTP/1.1" 200 none [publishfarm/0] 100ms "wknd.docker.local"
[25/Jun/2024:14:51:46 +0000] "GET /etc.clientlibs/wknd/clientlibs/clientlib-dependencies.lc-56934e461ff6c436f962a5990541a527-lc.min.js HTTP/1.1" - hit [publishfarm/-] 23ms "wknd.docker.local"
[25/Jun/2024:14:51:46 +0000] "GET /etc.clientlibs/core/wcm/components/commons/datalayer/v2/clientlibs/core.wcm.components.commons.datalayer.v2.lc-1e0136bad0acfb78be509234578e44f9-lc.min.js HTTP/1.1" - hit [publishfarm/-] 23ms "wknd.docker.local"
[25/Jun/2024:14:51:46 +0000] "GET /home/users/2/2BtO2l7OmO-rbBC9AN9b.infinity.json HTTP/1.1" - hit [publishfarm/-] 13ms "wknd.docker.local"
[25/Jun/2024:14:51:46 +0000] "GET /content/wknd/us/en/magazine/_jcr_content/contexthub.pagedata.json HTTP/1.1" - hit [publishfarm/-] 16ms "wknd.docker.local"
[25/Jun/2024:14:51:46 +0000] "GET /conf/wknd/settings/wcm/segments.seg.js HTTP/1.1" - hit [publishfarm/-] 15ms "wknd.docker.local"
[25/Jun/2024:14:51:46 +0000] "GET /etc.clientlibs/core/wcm/components/commons/datalayer/acdl/core.wcm.components.commons.datalayer.acdl.lc-bf921af342fd2c40139671dbf0920a1f-lc.min.js HTTP/1.1" - hit [publishfarm/-] 38ms "wknd.docker.local"
[25/Jun/2024:14:51:46 +0000] "GET /etc.clientlibs/wknd/clientlibs/clientlib-base.lc-dd83600e278e892b3fa755110622e9fc-lc.min.js HTTP/1.1" - hit [publishfarm/-] 37ms "wknd.docker.local"
[25/Jun/2024:14:51:46 +0000] "GET /etc.clientlibs/core/wcm/components/commons/site/clientlibs/container.lc-0a6aff292f5cc42142779cde92054524-lc.min.js HTTP/1.1" - hit [publishfarm/-] 40ms "wknd.docker.local"
[25/Jun/2024:14:51:46 +0000] "GET /etc.clientlibs/wknd/clientlibs/clientlib-site.lc-3037f5026ad3524914701791035ca88c-lc.min.js HTTP/1.1" - hit [publishfarm/-] 48ms "wknd.docker.local"
[25/Jun/2024:14:51:46 +0000] "GET /content/experience-fragments/wknd/language-masters/en/site/header/master/_jcr_content/root/container/container_1195249223/image.coreimg.svg/1594412560447/wknd-logo-dk.svg HTTP/1.1" - hit [publishfarm/-] 18ms "wknd.docker.local"
[25/Jun/2024:14:51:46 +0000] "GET /content/wknd/us/en/magazine/arctic-surfing/_jcr_content/root/container/container/contentfragment/par1/image.coreimg.60.1600.jpeg/1660323789770/surfer-wave-02.jpeg HTTP/1.1" - hit [publishfarm/-] 50ms "wknd.docker.local"
[25/Jun/2024:14:51:46 +0000] "GET /content/wknd/us/en/magazine/ski-touring/_jcr_content/root/container/container/contentfragment/par1/image.coreimg.60.1600.jpeg/1660323789866/skitouring5sjoeberg.jpeg HTTP/1.1" - hit [publishfarm/-] 47ms "wknd.docker.local"
[25/Jun/2024:14:51:46 +0000] "GET /content/wknd/us/en/magazine/san-diego-surf/_jcr_content/root/container/container/contentfragment/par1/image.coreimg.60.1600.jpeg/1660323790169/adobestock-164735399.jpeg HTTP/1.1" - hit [publishfarm/-] 54ms "wknd.docker.local"
[25/Jun/2024:14:51:46 +0000] "GET /content/wknd/us/en/magazine/_jcr_content/root/container/teaser_main.coreimg.60.1600.jpeg/1660323792132/adobestock-156407519.jpeg HTTP/1.1" - miss [publishfarm/0] 88ms "wknd.docker.local"
[25/Jun/2024:14:51:46 +0000] "GET /content/wknd/us/en/magazine/guide-la-skateparks/_jcr_content/root/container/container/contentfragment/par2/image_copy.coreimg.60.1600.png/1660323783259/article-01-picture-01.png HTTP/1.1" - hit [publishfarm/-] 70ms "wknd.docker.local"
[25/Jun/2024:14:51:46 +0000] "GET /libs/granite/csrf/token.json HTTP/1.1" 200 none [publishfarm/0] 72ms "wknd.docker.local"
[25/Jun/2024:14:51:46 +0000] "GET /content/wknd/us/en/magazine/western-australia/_jcr_content/root/container/container/contentfragment/par2/image.coreimg.60.1600.jpeg/1660323770369/adobe-waadobe-wa-b6a7083.jpeg HTTP/1.1" - miss [publishfarm/0] 137ms "wknd.docker.local"
[25/Jun/2024:14:51:47 +0000] "GET /etc.clientlibs/wknd/clientlibs/clientlib-site/resources/images/country-flags/US.svg HTTP/1.1" - hit [publishfarm/-] 13ms "wknd.docker.local"
[25/Jun/2024:14:51:47 +0000] "GET /libs/granite/security/currentuser.json?nocache=1719327107009 HTTP/1.1" 200 none [publishfarm/0] 39ms "wknd.docker.local"
[25/Jun/2024:14:51:47 +0000] "GET /etc.clientlibs/wknd/clientlibs/clientlib-site/resources/images/favicons/favicon-32.png HTTP/1.1" - miss [publishfarm/0] 27ms "wknd.docker.local"
[25/Jun/2024:14:56:47 +0000] "GET /libs/granite/csrf/token.json HTTP/1.1" 200 none [publishfarm/0] 122ms "wknd.docker.local"
[25/Jun/2024:15:01:47 +0000] "GET /libs/granite/csrf/token.json HTTP/1.1" 200 none [publishfarm/0] 39ms "wknd.docker.local"
[25/Jun/2024:15:06:47 +0000] "GET /libs/granite/csrf/token.json HTTP/1.1" 200 none [publishfarm/0] 50ms "wknd.docker.local"
[25/Jun/2024:15:11:47 +0000] "GET /libs/granite/csrf/token.json HTTP/1.1" 200 none [publishfarm/0] 47ms "wknd.docker.local"
[25/Jun/2024:15:17:24 +0000] "GET /libs/granite/csrf/token.json HTTP/1.1" 200 none [publishfarm/0] 39ms "wknd.docker.local"
